<?xml version="1.0" encoding="UTF-8"?>
<testng-results skipped="0" failed="1" ignored="0" total="1" passed="0">
  <reporter-output>
    <line>
      <![CDATA[passwordPassword]]>
    </line>
    <line>
      <![CDATA[Element is present]]>
    </line>
    <line>
      <![CDATA[Error msg is correct]]>
    </line>
    <line>
      <![CDATA[============================]]>
    </line>
    <line>
      <![CDATA[password973838366]]>
    </line>
    <line>
      <![CDATA[Element is present]]>
    </line>
    <line>
      <![CDATA[Error msg is correct]]>
    </line>
    <line>
      <![CDATA[============================]]>
    </line>
    <line>
      <![CDATA[password973838367]]>
    </line>
    <line>
      <![CDATA[Element is present]]>
    </line>
    <line>
      <![CDATA[Error msg is correct]]>
    </line>
    <line>
      <![CDATA[============================]]>
    </line>
    <line>
      <![CDATA[password973838368]]>
    </line>
    <line>
      <![CDATA[Element is not prersent]]>
    </line>
  </reporter-output>
  <suite name="Default suite" duration-ms="51666" started-at="2019-01-18T08:43:08Z" finished-at="2019-01-18T08:43:59Z">
    <groups>
    </groups>
    <test name="Default test" duration-ms="51666" started-at="2019-01-18T08:43:08Z" finished-at="2019-01-18T08:43:59Z">
      <class name="com.amazon.test.TC_02">
        <test-method status="PASS" signature="precondition()[pri:0, instance:com.amazon.test.TC_02@556333]" name="precondition" is-config="true" duration-ms="9803" started-at="2019-01-18T08:43:08Z" finished-at="2019-01-18T08:43:18Z">
          <reporter-output>
          </reporter-output>
        </test-method> <!-- precondition -->
        <test-method status="FAIL" signature="inValideData()[pri:2, instance:com.amazon.test.TC_02@556333]" name="inValideData" duration-ms="40809" started-at="2019-01-18T08:43:18Z" finished-at="2019-01-18T08:43:58Z">
          <exception class="java.lang.AssertionError">
            <message>
              <![CDATA[null]]>
            </message>
            <full-stacktrace>
              <![CDATA[java.lang.AssertionError: null
at org.testng.Assert.fail(Assert.java:96)
at org.testng.Assert.fail(Assert.java:103)
at com.amazon.Generic.BasePage.VerifyElement(BasePage.java:43)
at com.amazon.pages.AmazonSignIn.verifyErrMsg(AmazonSignIn.java:59)
at com.amazon.test.TC_02.inValideData(TC_02.java:33)
at sun.reflect.NativeMethodAccessorImpl.invoke0(Native Method)
at sun.reflect.NativeMethodAccessorImpl.invoke(Unknown Source)
at sun.reflect.DelegatingMethodAccessorImpl.invoke(Unknown Source)
at java.lang.reflect.Method.invoke(Unknown Source)
at org.testng.internal.MethodInvocationHelper.invokeMethod(MethodInvocationHelper.java:124)
at org.testng.internal.Invoker.invokeMethod(Invoker.java:580)
at org.testng.internal.Invoker.invokeTestMethod(Invoker.java:716)
at org.testng.internal.Invoker.invokeTestMethods(Invoker.java:988)
at org.testng.internal.TestMethodWorker.invokeTestMethods(TestMethodWorker.java:125)
at org.testng.internal.TestMethodWorker.run(TestMethodWorker.java:109)
at org.testng.TestRunner.privateRun(TestRunner.java:648)
at org.testng.TestRunner.run(TestRunner.java:505)
at org.testng.SuiteRunner.runTest(SuiteRunner.java:455)
at org.testng.SuiteRunner.runSequentially(SuiteRunner.java:450)
at org.testng.SuiteRunner.privateRun(SuiteRunner.java:415)
at org.testng.SuiteRunner.run(SuiteRunner.java:364)
at org.testng.SuiteRunnerWorker.runSuite(SuiteRunnerWorker.java:52)
at org.testng.SuiteRunnerWorker.run(SuiteRunnerWorker.java:84)
at org.testng.TestNG.runSuitesSequentially(TestNG.java:1208)
at org.testng.TestNG.runSuitesLocally(TestNG.java:1137)
at org.testng.TestNG.runSuites(TestNG.java:1049)
at org.testng.TestNG.run(TestNG.java:1017)
at org.testng.remote.AbstractRemoteTestNG.run(AbstractRemoteTestNG.java:114)
at org.testng.remote.RemoteTestNG.initAndRun(RemoteTestNG.java:251)
at org.testng.remote.RemoteTestNG.main(RemoteTestNG.java:77)
]]>
            </full-stacktrace>
          </exception> <!-- java.lang.AssertionError -->
          <reporter-output>
            <line>
              <![CDATA[passwordPassword]]>
            </line>
            <line>
              <![CDATA[Element is present]]>
            </line>
            <line>
              <![CDATA[Error msg is correct]]>
            </line>
            <line>
              <![CDATA[============================]]>
            </line>
            <line>
              <![CDATA[password973838366]]>
            </line>
            <line>
              <![CDATA[Element is present]]>
            </line>
            <line>
              <![CDATA[Error msg is correct]]>
            </line>
            <line>
              <![CDATA[============================]]>
            </line>
            <line>
              <![CDATA[password973838367]]>
            </line>
            <line>
              <![CDATA[Element is present]]>
            </line>
            <line>
              <![CDATA[Error msg is correct]]>
            </line>
            <line>
              <![CDATA[============================]]>
            </line>
            <line>
              <![CDATA[password973838368]]>
            </line>
            <line>
              <![CDATA[Element is not prersent]]>
            </line>
          </reporter-output>
        </test-method> <!-- inValideData -->
        <test-method status="PASS" signature="postcondition(org.testng.ITestResult)[pri:0, instance:com.amazon.test.TC_02@556333]" name="postcondition" is-config="true" duration-ms="1035" started-at="2019-01-18T08:43:58Z" finished-at="2019-01-18T08:43:59Z">
          <params>
            <param index="0">
              <value>
                <![CDATA[[TestResult name=inValideData status=FAILURE method=TC_02.inValideData()[pri:2, instance:com.amazon.test.TC_02@556333] output=passwordPassword]]]>
              </value>
            </param>
          </params>
          <reporter-output>
          </reporter-output>
        </test-method> <!-- postcondition -->
      </class> <!-- com.amazon.test.TC_02 -->
    </test> <!-- Default test -->
  </suite> <!-- Default suite -->
</testng-results>
